1:
3.83
3.35
3.91
4.78
3.70
4.09
3.38
3.84
4.19
3.48
3.12
3.59
4.10
3.78
2.48
3.84
3.68
4.73
4.22
4.15
3.14
4.72
3.69
10:
2.83
2.75
1000:
3.42
2.83
2.79
5.09
4.03
3.52
3.37
3.94
3.01
2.52
3.23
3.62
3.29
4.64
3.85
3.07
2.93
2.83
3.13
3.51
3.46
3.95
2.17
2.91
4.30
3.10
3.64
10000:
3.60
3.83
10001:
3.30
4.31
3.71
2.75
4.46
3.45
3.37
4.05
3.90
3.98
3.99
4.04
2.86
4.51
3.66
3.57
4.42
10002:
4.54
3.32
5.17
4.35
10003:
2.32
10004:
4.94
4.35
4.09
4.23
4.58
4.24
4.40
4.15
4.16
3.96
4.50
4.12
4.36
3.99
4.60
4.18
4.33
4.45
4.46
4.18
4.37
3.89
4.13
4.23
5.11
3.65
4.38
4.28
3.80
4.68
4.52