1:
3.83
3.38
3.91
4.72
3.71
4.08
3.41
3.83
4.16
3.5
3.16
3.6
4.08
3.78
2.57
3.84
3.69
4.68
4.2
4.13
3.18
4.66
3.7
10:
2.88
2.8
1000:
3.4
2.92
2.89
4.75
3.89
3.48
3.36
3.82
3.06
2.67
3.24
3.56
3.3
4.39
3.75
3.12
3.0
2.92
3.17
3.47
3.43
3.83
2.39
2.99
4.11
3.14
3.58
10000:
3.55
3.77
10001:
3.41
4.21
3.73
2.98
4.32
3.53
3.47
4.0
3.88
3.95
3.95
4.0
3.06
4.37
3.69
3.62
4.29
10002:
4.28
3.35
4.76
4.13
10003:
2.35
10004:
4.98
4.36
4.09
4.23
4.6
4.24
4.41
4.15
4.16
3.95
4.52
4.12
4.37
3.98
4.63
4.18
4.34
4.46
4.47
4.18
4.39
3.88
4.13
4.23
5.15
3.63
4.4
4.28
3.79
4.7
4.54
10005:
3.4
4.13
3.33
2.85
2.92
10006:
3.82
3.31
4.16
2.79
10007:
2.63
3.18
2.44
2.33
2.18
2.9
2.76
2.88
2.62
3.07
2.61
2.61
2.37
10008:
4.62
3.33
3.68
2.62
4.21
4.15
4.06
10009:
3.1
3.3
4.06
2.95
2.64
3.16
1001:
4.34
3.46
3.08
3.38
4.1
3.87
3.6
3.35
2.71
3.58
3.67
3.75
2.89
3.64
3.27
3.23
4.14
3.88
2.91
3.18
2.9
3.68
3.25
2.74
3.37
3.35
3.47
3.44
3.66
4.11
3.77
4.73
2.93
3.44
3.34
3.59
3.76
2.74
2.81
3.63
3.87
2.81
3.42
4.0
3.93
3.64
3.23
3.24
3.13
4.0
3.29
2.42
2.62
3.49
3.91
4.13
2.98
3.53
3.53
3.02
3.32
3.09
3.07
2.89
3.88
2.98
2.83
3.12
4.11
3.41
2.87
3.12
3.35
3.02
3.08
3.75
2.63
2.72
3.36
3.44
3.74
3.83
2.71
3.58
3.29
3.37
3.19
4.1
3.44
3.09
4.05
3.6
3.62
3.8
3.21
2.72
2.98
3.29
3.04
3.41
3.34
3.54
3.05
3.08
3.37
3.31
3.71
3.65
3.7
2.99
2.9
3.22
3.51
3.02
3.32
2.92
2.91
3.78
3.52
2.88
3.43
3.23
3.18
3.44
3.3
3.44
3.14
3.78
3.57
3.34
3.39
3.57
3.53
3.12
10010:
2.31
2.4
2.1
3.26
2.86
2.42
2.5
2.34
2.0
2.62
2.06
1.91
2.01
1.86
2.79
2.19
2.09
2.71
1.29
2.33
1.76
2.23
1.99
10011:
4.61
4.15
10012:
3.16
4.05
2.98
3.11
3.79
3.8
2.41
3.19
3.02
3.28
3.78
3.12
3.09
10013:
3.67
3.27
3.57
3.66
3.3
3.41
3.2
3.72
3.16
3.86
3.08
4.16
3.35
3.59
3.08
3.31
2.87
3.15
3.31
2.78
3.04
2.84
3.12
3.78
3.61
3.15
3.38
2.5
2.86
3.2
3.13
2.64
2.76
3.74
3.12
2.99
3.52
3.94
3.79
2.71
4.07
3.25
3.34
3.41
3.43
2.68
3.29
3.44
2.97
3.57
3.08
3.05
3.45
3.65
3.21
2.56
3.78
10014:
3.24
3.94
2.58
3.51
3.1
10015:
3.76
3.14
3.16
3.53
3.79
3.95
4.16
3.89
4.07
3.62
3.85
3.69
3.56
4.2
4.18
3.48
3.7
4.08
3.91
4.05
5.22
4.16
4.36
2.97
3.12
3.33
4.22
3.73
10016:
3.02
2.41
2.71
3.1
3.7
10017:
3.32
3.48
3.2
10018:
4.51
3.66
3.06
3.07
3.27
3.63
3.49
3.11
2.72
4.12
3.57
4.01
3.93
3.65
3.42
3.71
3.24
3.65
3.63
3.47
3.46
3.03
3.87
3.98
3.17
3.85
3.53
3.78
3.72
3.96
10019:
3.35
3.29
3.79
2.96
4.09
4.19
3.5
2.55
3.61
3.28
4.17
2.83
2.91
3.21
3.66
3.73
3.7
3.48
3.33
4.23
3.35
3.88
3.51
3.61
3.9
3.69
3.22
3.21
3.29
3.61
3.25
3.4
3.56
3.97
3.34
3.86
2.48
3.69
3.82
4.06
4.05
4.05
3.67
3.61
4.12
2.98
3.85
3.89
4.01
3.69
3.13
3.24
3.65
3.32
3.45
1.99
2.81
3.14
4.27
3.33
3.1
3.42
3.27
3.33
3.7
4.31
3.29
4.48
3.5
1002:
3.2
3.05
3.49
3.39
3.22
3.64
3.75
2.38
3.38
3.41
4.08
3.6
3.4
2.93
10020:
4.08
3.96
3.82
4.36
3.86
3.73
4.0
4.23
4.44
4.02
3.97
4.88
3.74
4.18
4.17
3.77
4.31
3.69
4.25
3.8
4.32
3.25
3.67
3.73
3.32
2.54
4.2
10021:
2.17
2.46
2.53
2.1
10022:
2.35
3.29
3.0
2.72
3.51
3.46
2.56
2.78
10023:
4.11
3.96
4.03
3.76
4.88
3.53
3.3
3.82
4.19
3.76
4.45
10024:
3.45
4.05
3.51
3.88
3.62
3.31
3.2
3.27
3.67
3.69
10025:
3.18
10027:
4.52
3.74
3.73
3.73
2.84
3.66
3.61
4.31
3.27
4.17
3.75
3.78
4.08
3.45
3.81
4.37
3.65
3.96
4.08
3.92
3.54
4.3
3.85
3.66
4.19
4.02
4.32
4.51
4.58
4.42
4.46
4.04
3.1
3.74
4.15
4.44
4.62
3.93
4.11
3.5
4.23
4.18
5.11
3.57
3.51
4.23
4.15
3.98
4.43
4.44
3.77
4.3
3.76
3.72
3.45
4.26
3.51
3.43
4.43
4.14
3.8
3.75
3.57
3.29
4.43
5.0
3.3
4.13
3.14
4.01
3.96
4.12
3.96
3.89
4.52
3.9
4.28
4.28
3.09
3.77
4.76
4.98
3.13
3.93
3.95
4.28
4.01
3.98
10028:
2.92
3.09
2.98
4.02
4.17
2.83
4.12
10029:
3.41
3.89
3.97
3.05
10031:
3.41
2.74
3.71
2.63
4.01
3.09
2.72
2.6
2.92
10032:
3.0
4.95
4.17
4.07
3.96
2.87
3.49
3.39
3.79
2.45
3.31
4.39
4.75
3.56
4.14
2.8
3.58
3.63
3.44
3.76
3.38
3.24
3.19
3.85
3.65
3.17
3.52
3.57
4.21
3.25
3.58
3.68
4.11
3.9
3.39
3.92
3.29
3.29
3.45
3.31
3.46
3.71
3.37
2.93
3.21
3.63
4.02
10033:
3.6
3.44
2.5
3.57
3.22
2.84
3.05
2.87
3.21
3.02
3.62
3.26
4.57
3.58
10034:
1.84
2.54
10035:
2.89
4.72
4.82
4.15
4.63
4.32
3.71
3.89
4.05
3.57
3.82
4.07
4.0
4.13
3.72
4.01
4.21
4.19
4.47
4.94
10036:
3.49
3.48
3.67
3.41
4.09
3.66
3.27
3.63
2.96
3.22
3.31
3.59
4.11
3.97
4.82
3.9
3.79
4.04
2.65
3.12
3.98
3.79
4.38
4.05
3.99
4.14
3.91
3.99
4.01
3.1
3.73
3.39
3.08
3.49
3.7
3.59
3.86
3.93
3.49
3.83
3.39
4.02
4.4
4.13
3.99
3.95
4.51
4.66
3.16
4.14
3.33
3.99
3.95
3.16
3.57
4.39
3.33
4.94
3.69
4.11
3.9
4.45
3.39
4.47
3.37
4.58
3.8
4.03
3.89
3.97
4.66
4.18
3.9
3.36
4.16
4.31
4.15
3.5
4.05
4.1
3.85
3.44
4.9
4.16
3.03
3.85
3.73
3.88
3.94
3.45
3.69
4.18
3.53
4.31
3.63
3.02
3.62
3.99
3.55
4.31
4.25
4.06
3.43
4.56
3.57
3.21
4.04
3.7
3.6
3.97
3.98
3.5
3.63
3.96
3.47
4.0
4.67
3.43
3.63
4.04
3.81
3.71
3.98
3.69
4.17
3.64
4.49
4.63
3.71
3.51
4.02
3.45
3.36
4.24
3.75
3.22
4.02
4.01
4.13
3.55
4.88
4.07
3.44
3.86
3.65
4.23
3.58
4.14
3.35
3.55
4.07
4.21
3.97
3.6
3.9
3.57
4.93
3.76
3.87
4.45
4.0
3.65
3.9
4.22
3.73
3.83
4.04
4.22
3.9
3.55
3.55
3.59
4.26
3.52
3.89
4.13
3.57
4.0
4.04
4.5
3.86
4.42
3.23
3.92
4.71
3.71
3.71
3.7
4.11
3.84
3.95
3.43
4.12
4.96
4.19
3.12
3.76
4.02
3.14
3.76
3.95
3.9
3.62
3.8
3.34
4.97
3.9
4.03
3.6
3.9
3.81
3.51
4.35
3.72
3.52
10037:
3.98
3.08
3.21
3.85
3.71
3.66
3.27
2.94
3.24
3.76
3.21
3.25
3.35
3.43
10038:
3.76
3.2
3.04
3.36
2.97
3.57
3.37
3.11
10039:
1.83
1004:
2.43
2.58
2.68
2.79
3.3
3.11
2.99
3.79
2.14
3.04
3.14
3.78
3.22
3.1
2.93
2.71
2.76
3.07
2.6
3.01
3.22
3.01
2.79
1.83
2.73
2.27
2.6
3.02
2.39
3.21
2.97
10040:
3.44
3.01
3.55
10041:
3.39
2.84
3.08
2.68
3.12
3.01
3.96
2.9
3.3
2.48
2.76
3.38
3.85
2.85
3.25
3.28
3.22
2.53
2.93
2.54
3.28
3.18
2.74
3.18
3.35
2.51
3.1
2.9
3.2
2.71
3.1
10042:
4.76
4.26
4.62
4.25
4.47
4.81
5.06
4.13
5.07
4.36
4.69
4.27
4.66
4.45
4.54
5.05
4.27
5.06
4.94
4.55
4.54
4.9
3.37
4.36
4.66
5.12
5.01
3.44
4.82
4.83
4.48
4.71
4.57
5.21
4.59
5.17
4.68
4.71
4.39
4.26
4.6
4.33
4.2
4.33
4.48
5.0
4.31
4.22
4.52
3.84
4.54
4.98
5.21
4.1
5.23
4.82
4.05
4.77
4.16
4.54
4.67
4.56
4.66
4.51
3.72
3.94
4.14
5.02
4.21
4.15
4.38
4.2
4.64
4.3
4.24
5.01
4.86
4.43
4.5
4.84
4.12
4.64
4.75
4.53
4.92
4.14
4.6
4.79
4.03
5.1
4.28
4.52
5.69
4.45
4.16
4.88
4.52
4.57
4.41
4.46
4.64
4.93
4.32
5.27
4.92
4.4
4.63
4.67
5.37
4.64
4.92
4.68
4.03
4.95
4.18
4.52
4.57
4.27
4.7
5.24
4.04
5.39
4.78
5.17
4.84
5.59
3.96
4.42
4.48
4.25
4.22
4.67
4.49
2.83
4.41
4.46
5.33
5.31
4.29
5.07
4.49
5.31
4.48
4.31
4.56
4.72
4.78
3.91
4.01
4.96
4.22
4.83
5.11
4.44
4.84
4.39
4.51
4.07
4.01
4.85
3.83
5.08
4.62
4.91
4.4
5.08
4.47
4.36
4.6
4.6
4.93
4.92
4.05
4.38
5.06
4.27
4.83
5.08
5.44
4.75
4.27
4.74
5.09
4.37
4.5
5.24
4.14
3.86
4.6
4.99
4.15
4.44
4.98
4.42
5.01
5.12
5.02
4.6
4.64
4.77
4.72
4.81
4.43
4.48
4.85
2.5
4.83
4.57
4.73
4.44
4.42
4.46
5.1
5.01
5.29
4.83
5.15
4.85
4.51
4.72
4.6
4.84
5.11
4.77
4.79
4.65
4.9
4.35
4.52
4.25
4.64
4.61
4.53
4.42
5.27
4.63
4.91
4.31
4.81
4.68
4.16
5.15
4.1
5.01
4.92
4.82
5.01
4.79
4.61
4.55
4.08
4.62
5.2
4.49
4.57
4.5
4.07
4.73
4.7
4.0
4.32
4.22
4.73
5.23
3.86
4.37
4.45
4.67
4.26
4.15
4.54
4.91
4.58
4.36
4.2
4.11
4.36
4.83
4.69
4.66
4.46
4.42
4.96
4.41
4.7
4.31
4.08
4.76
4.18
4.74
4.79
4.17
4.74
4.15
4.95
4.2
4.17
4.72
4.35
4.46
4.78
4.59
4.68
4.7
3.99
4.63
4.4
4.73
4.9
4.89
4.65
4.39
4.74
4.64
4.42
5.07
4.33
4.99
4.98
4.25
4.78
4.39
5.04
4.71
5.01
5.0
4.82
4.63
5.21
4.5
4.85
4.62
4.08
4.91
4.34
4.67
4.81
5.25
4.17
4.92
4.87
4.57
4.94
5.82
4.11
4.91
4.86
5.24
4.23
4.82
5.22
4.35
4.84
4.43
4.03
4.81
4.67
5.02
4.38
4.86
4.14
4.18
4.52
4.6
4.64
4.38
4.24
4.4
4.91
4.5
5.42
4.57
4.5
4.41
4.76
5.41
3.98
3.73
4.51
4.55
4.69
4.59
4.1
4.81
4.27
5.02
4.52
4.23
4.23
4.6
4.48
4.22
4.47
4.33
4.15
5.29
4.62
3.92
4.49
4.86
4.57
4.56
4.3
4.46
4.57
4.44
4.89
4.37
3.8
4.74
4.91
4.19
4.87
4.39
4.28
4.73
4.06
4.99
4.69
3.9
5.24
4.36
4.84
5.2
4.69
4.25
5.13
5.45
4.7
4.31
4.35
5.0
4.04
4.72
4.9
4.06
4.51
3.39
3.97
4.52
4.45
4.8
4.73
4.6
5.09
4.66
4.62
4.51
4.59
4.04
4.23
5.27
3.86
4.86
4.95
4.7
4.21
4.81
4.51
4.86
4.59
4.23
4.4
4.09
5.64
4.49
4.83
3.63
4.77
5.19
4.84
4.59
4.22
5.17
4.91
4.84
4.8
5.1
4.25
3.99
4.46
4.69
4.44
4.35
5.37
4.38
3.85
4.55
4.43
4.16
4.75
4.39
4.02
4.7
4.48
4.78
4.34
4.62
4.65
4.22
3.95
4.13
4.41
3.9
3.81
5.16
4.86
4.9
4.19
4.61
4.47
4.79
4.61
4.47
4.96
4.97
5.32
5.0
4.3
4.24
4.86
4.3
4.04
4.49
5.07
4.63
4.47
4.12
4.06
5.26
4.94
4.09
4.43
4.76
4.92
4.39
5.42
5.18
4.6
4.55
4.19
4.88
4.77
4.48
4.95
5.14
4.32
5.12
4.78
4.44
3.95
3.88
4.95
2.62
4.45
4.98
4.6
4.38
4.05
4.88
4.34
4.29
4.81
4.47
4.78
5.07
4.58
4.21
4.63
4.25
4.4
4.1
4.06
5.04
4.25
4.87
4.4
3.47
4.57
4.38
5.19
3.95
4.4
4.34
4.35
4.71
4.46
4.75
4.74
5.05
4.52
4.8
4.4
4.21
4.05
4.46
4.78
4.91
4.36
4.07
4.66
4.8
4.61
4.37
3.67
4.78
4.46
4.48
5.18
4.2
4.55
4.29
4.97
4.7
4.35
4.49
4.37
5.13
4.26
4.23
3.87
4.58
4.68
4.69
4.27
4.66
4.01
3.88
4.67
4.29
4.54
4.86
4.65
4.29
4.49
4.18
5.23
4.58
4.71
5.09
4.94
4.14
4.66
4.6
4.95
4.99
4.88
4.34
4.45
4.2
4.35
4.43
4.65
4.65
4.84
4.9
4.38
4.89
4.58
4.59
3.75
4.91
3.88
4.73
4.72
4.79
4.29
4.16
4.4
4.56
4.68
4.32
5.03
4.95
5.25
4.73
4.18
4.5
4.13
4.34
5.25
4.33
4.99
4.25
4.78
4.31
4.45
5.32
4.35
4.48
4.32
5.08
4.64
4.28
4.56
4.65
4.82
4.92
4.59
4.58
4.61
4.1
4.32
4.65
4.94
4.76
4.28
4.48
4.28
4.51
4.57
4.23
4.47
5.06
4.59
5.05
4.74
4.6
4.78
4.47
4.08
5.16
5.18
4.65
4.09
4.15
4.65
3.61
3.96
4.21
4.49
4.62
4.91
4.11
5.04
4.69
4.28
4.43
4.41
3.55
4.56
4.55
4.19
4.82
4.5
4.46
5.11
4.82
4.77
5.07
4.06
5.06
5.09
4.33
4.53
4.84
0.87
